[debug] [2021-01-24T08:32:03.284Z] ----------------------------------------------------------------------
[debug] [2021-01-24T08:32:03.286Z] Command:       C:\Program Files\nodejs\node.exe C:\Users\Wahid Fajar\AppData\Roaming\npm\node_modules\firebase-tools\lib\bin\firebase.js init hosting
[debug] [2021-01-24T08:32:03.286Z] CLI Version:   9.2.2
[debug] [2021-01-24T08:32:03.286Z] Platform:      win32
[debug] [2021-01-24T08:32:03.286Z] Node Version:  v12.18.3
[debug] [2021-01-24T08:32:03.287Z] Time:          Sun Jan 24 2021 15:32:03 GMT+0700 (Western Indonesia Time)
[debug] [2021-01-24T08:32:03.287Z] ----------------------------------------------------------------------
[debug] [2021-01-24T08:32:03.287Z] 
[debug] [2021-01-24T08:32:03.291Z] > command requires scopes: ["email","openid","https://www.googleapis.com/auth/cloudplatformprojects.readonly","https://www.googleapis.com/auth/firebase","https://www.googleapis.com/auth/cloud-platform"]
[debug] [2021-01-24T08:32:03.292Z] > authorizing via signed-in user
[info] 
     ######## #### ########  ######## ########     ###     ######  ########
     ##        ##  ##     ## ##       ##     ##  ##   ##  ##       ##
     ######    ##  ########  ######   ########  #########  ######  ######
     ##        ##  ##    ##  ##       ##     ## ##     ##       ## ##
     ##       #### ##     ## ######## ########  ##     ##  ######  ########

You're about to initialize a Firebase project in this directory:

  C:\Users\Wahid Fajar\Documents\side-project\pam\pam-service

[info] 
=== Project Setup
[info] 
[info] First, let's associate this project directory with a Firebase project.
[info] You can create multiple project aliases by running firebase use --add, 
[info] but for now we'll just set up a default project.
[info] 
[debug] [2021-01-24T08:32:12.502Z] >>> [apiv2][query] GET https://firebase.googleapis.com/v1beta1/projects pageSize=100
[debug] [2021-01-24T08:32:12.946Z] <<< [apiv2][status] GET https://firebase.googleapis.com/v1beta1/projects 200
[debug] [2021-01-24T08:32:12.946Z] <<< [apiv2][body] GET https://firebase.googleapis.com/v1beta1/projects [omitted]
[info] i  Using project pam-brgslr (pam-brgslr) 
[info] 
=== Hosting Setup
[info] 
[info] Your public directory is the folder (relative to your project directory) that
[info] will contain Hosting assets to be uploaded with firebase deploy. If you
[info] have a build process for your assets, use your build's output directory.
[info] 
[info] +  Wrote public/404.html 
[debug] [2021-01-24T08:33:26.185Z] >>> [apiv2][query] GET https://www.gstatic.com/firebasejs/releases.json [none]
[debug] [2021-01-24T08:33:26.278Z] <<< [apiv2][status] GET https://www.gstatic.com/firebasejs/releases.json 200
[debug] [2021-01-24T08:33:26.278Z] <<< [apiv2][body] GET https://www.gstatic.com/firebasejs/releases.json {"current":{"version":"8.2.4","browserURL":"https://www.gstatic.com/firebasejs/8.2.4/firebase.js","packageURL":"https://www.gstatic.com/firebasejs/8.2.4/firebase.tgz"},"live":{"version":"8.2","browserURL":"https://www.gstatic.com/firebasejs/live/8.2/firebase.js","packageURL":"https://www.gstatic.com/firebasejs/live/8.2/firebase.tgz"},"components":{"analytics":"https://www.gstatic.com/firebasejs/8.2.4/firebase-analytics.js","app":"https://www.gstatic.com/firebasejs/8.2.4/firebase-app.js","auth":"https://www.gstatic.com/firebasejs/8.2.4/firebase-auth.js","database":"https://www.gstatic.com/firebasejs/8.2.4/firebase-database.js","firestore":"https://www.gstatic.com/firebasejs/8.2.4/firebase-firestore.js","functions":"https://www.gstatic.com/firebasejs/8.2.4/firebase-functions.js","installations":"https://www.gstatic.com/firebasejs/8.2.4/firebase-installations.js","messaging":"https://www.gstatic.com/firebasejs/8.2.4/firebase-messaging.js","storage":"https://www.gstatic.com/firebasejs/8.2.4/firebase-storage.js","performance":"https://www.gstatic.com/firebasejs/8.2.4/firebase-performance.js","remote-config":"https://www.gstatic.com/firebasejs/8.2.4/firebase-remote-config.js","firestore.memory":"https://www.gstatic.com/firebasejs/8.2.4/firebase-firestore.memory.js"}}
[info] +  Wrote public/index.html 
[info] 
[info] i  Didn't detect a .git folder. Assuming C:\Users\Wahid Fajar\Documents\side-project\pam\pam-service is the project root. 
[info] i  Authorizing with GitHub to upload your service account to a GitHub repository's secrets store. 
[info] 
[info] Visit this URL on this device to log in:
[info] https://github.com/login/oauth/authorize?client_id=89cf50f02ac6aaed3484&state=332342147&redirect_uri=http%3A%2F%2Flocalhost%3A9005&scope=read%3Auser%20repo%20public_repo
[info] 
[info] Waiting for authentication...
[debug] [2021-01-24T08:33:39.494Z] >>> HTTP REQUEST POST https://github.com/login/oauth/access_token  
 {"client_id":"89cf50f02ac6aaed3484","client_secret":"3330d14abc895d9a74d5f17cd7a00711fa2c5bf0","code":"d5f9f3f644a745b37acc","redirect_uri":"http://localhost:9005","state":"332342147"}
[debug] [2021-01-24T08:33:39.916Z] <<< HTTP RESPONSE 200 {"date":"Sun, 24 Jan 2021 08:33:41 GMT","content-type":"application/json; charset=utf-8","transfer-encoding":"chunked","server":"GitHub.com","status":"200 OK","vary":"X-PJAX, Accept-Encoding, Accept, X-Requested-With, Accept-Encoding","etag":"W/\"cdf1ba563a47b01fdfc69043f1fa9543\"","cache-control":"max-age=0, private, must-revalidate","strict-transport-security":"max-age=31536000; includeSubdomains; preload","x-frame-options":"deny","x-content-type-options":"nosniff","x-xss-protection":"1; mode=block","referrer-policy":"origin-when-cross-origin, strict-origin-when-cross-origin","expect-ct":"max-age=2592000, report-uri=\"https://api.github.com/_private/browser/errors\"","content-security-policy":"default-src 'none'; base-uri 'self'; block-all-mixed-content; connect-src 'self' uploads.github.com www.githubstatus.com collector.githubapp.com api.github.com github-cloud.s3.amazonaws.com github-production-repository-file-5c1aeb.s3.amazonaws.com github-production-upload-manifest-file-7fdce7.s3.amazonaws.com github-production-user-asset-6210df.s3.amazonaws.com cdn.optimizely.com logx.optimizely.com/v1/events wss://alive.github.com; font-src github.githubassets.com; form-action 'self' github.com gist.github.com; frame-ancestors 'none'; frame-src render.githubusercontent.com; img-src 'self' data: github.githubassets.com identicons.github.com collector.githubapp.com github-cloud.s3.amazonaws.com *.githubusercontent.com; manifest-src 'self'; media-src 'none'; script-src github.githubassets.com; style-src 'unsafe-inline' github.githubassets.com; worker-src github.com/socket-worker-5029ae85.js gist.github.com/socket-worker-5029ae85.js","x-github-request-id":"D320:4E9F:8960C4:9F02B3:600D30E5"}
[debug] [2021-01-24T08:33:39.916Z] >>> [apiv2][query] GET https://api.github.com/user [none]
[debug] [2021-01-24T08:33:40.357Z] <<< [apiv2][status] GET https://api.github.com/user 200
[debug] [2021-01-24T08:33:40.358Z] <<< [apiv2][body] GET https://api.github.com/user {"login":"novaldyhh","id":54404644,"node_id":"MDQ6VXNlcjU0NDA0NjQ0","avatar_url":"https://avatars.githubusercontent.com/u/54404644?v=4","gravatar_id":"","url":"https://api.github.com/users/novaldyhh","html_url":"https://github.com/novaldyhh","followers_url":"https://api.github.com/users/novaldyhh/followers","following_url":"https://api.github.com/users/novaldyhh/following{/other_user}","gists_url":"https://api.github.com/users/novaldyhh/gists{/gist_id}","starred_url":"https://api.github.com/users/novaldyhh/starred{/owner}{/repo}","subscriptions_url":"https://api.github.com/users/novaldyhh/subscriptions","organizations_url":"https://api.github.com/users/novaldyhh/orgs","repos_url":"https://api.github.com/users/novaldyhh/repos","events_url":"https://api.github.com/users/novaldyhh/events{/privacy}","received_events_url":"https://api.github.com/users/novaldyhh/received_events","type":"User","site_admin":false,"name":null,"company":null,"blog":"","location":null,"email":null,"hireable":null,"bio":null,"twitter_username":null,"public_repos":1,"public_gists":0,"followers":0,"following":0,"created_at":"2019-08-22T13:06:12Z","updated_at":"2021-01-24T08:33:40Z","private_gists":0,"total_private_repos":3,"owned_private_repos":3,"disk_usage":16204,"collaborators":0,"two_factor_authentication":false,"plan":{"name":"free","space":976562499,"collaborators":0,"private_repos":10000}}
[info] 
[info] +  Success! Logged into GitHub as novaldyhh 
[info] 
